mode: set
pointer_and_methods_assignment_4/MethodSet/main.go:12.21,14.2 1 0
pointer_and_methods_assignment_4/MethodSet/main.go:15.22,17.2 1 0
pointer_and_methods_assignment_4/MethodSet/main.go:22.13,33.2 9 0
pointer_and_methods_assignment_4/part_1_pointer_and_methods/main.go:10.39,12.2 1 0
pointer_and_methods_assignment_4/part_1_pointer_and_methods/main.go:14.47,19.2 3 0
pointer_and_methods_assignment_4/part_1_pointer_and_methods/main.go:21.48,22.24 1 0
pointer_and_methods_assignment_4/part_1_pointer_and_methods/main.go:22.24,26.3 3 0
pointer_and_methods_assignment_4/part_1_pointer_and_methods/main.go:27.2,28.56 2 0
pointer_and_methods_assignment_4/part_1_pointer_and_methods/main.go:30.13,37.2 5 0
